<?xml version="1.0" encoding="UTF-8"?>
<!-- Generated by org.testng.reporters.JUnitXMLReporter -->
<testsuite ignored="0" hostname="DESKTOP-09FB4NU" failures="0" tests="15" name="Surefire test" time="564.033" errors="0" timestamp="2023-11-08T17:42:50 ART">
  <testcase classname="integrador.Laboratorio1_Test" name="lab1_E1" time="177.032"/>
  <testcase classname="integrador.Laboratorio1_Test" name="lab1_E2" time="244.438"/>
  <testcase classname="integrador.Laboratorio1_Test" name="lab1_E3" time="32.437"/>
  <testcase classname="integrador.Laboratorio1_Test" name="lab1_test" time="0.0"/>
  <testcase classname="integrador.Laboratorio2_Test" name="lab2_E1" time="28.715"/>
  <testcase classname="integrador.Laboratorio3_Test" name="registroUsuario" time="4.244"/>
  <testcase classname="integrador.Laboratorio5_E1_Test" name="adjuntarFile" time="2.37"/>
  <testcase classname="integrador.Laboratorio5_E2_Test" name="activarAlerta" time="0.794"/>
  <testcase classname="integrador.Laboratorio5_E3_Test" name="activarAlerta" time="0.023"/>
  <testcase classname="integrador.Laboratorio6_E1_Test" name="buscarPalabra" time="2.24"/>
  <testcase classname="integrador.Laboratorio6_E2_Test" name="buscarPalabra" time="2.728"/>
  <testcase classname="pruebas.CrossBrowserTest" name="busquedaPagina" time="1.667"/>
  <testcase classname="pruebas.Laboratorio4_E1_Test" name="irRegistroLogin" time="0.018"/>
  <testcase classname="pruebas.Laboratorio4_E1_Test" name="crearCuentaInvalida" time="1.001"/>
  <testcase classname="pruebas.Laboratorio4_E2_Test" name="inicioSesionInvalido" time="0.881"/>
</testsuite> <!-- Surefire test -->
