<?xml version="1.0" encoding="UTF-8"?>
<testsuite xmlns:xsi="http://www.w3.org/2001/XMLSchema-instance" xsi:noNamespaceSchemaLocation="https://maven.apache.org/surefire/maven-surefire-plugin/xsd/surefire-test-report.xsd" name="TestSuite" time="952.926" tests="15" errors="0" skipped="0" failures="0">
  <properties>
[...]
</properties>
  <testcase name="lab1_E1" classname="integrador.Laboratorio1_Test" time="179.411"/>
  <testcase name="lab1_E2" classname="integrador.Laboratorio1_Test" time="241.559"/>
  <testcase name="lab1_E3" classname="integrador.Laboratorio1_Test" time="32.42"/>
  <testcase name="lab1_test" classname="integrador.Laboratorio1_Test" time="0.008"/>
  <testcase name="lab2_E1" classname="integrador.Laboratorio2_Test" time="28.705"/>
  <testcase name="registroUsuario" classname="integrador.Laboratorio3_Test" time="4.244"/>
  <testcase name="adjuntarFile" classname="integrador.Laboratorio5_E1_Test" time="2.37"/>
  <testcase name="activarAlerta" classname="integrador.Laboratorio5_E2_Test" time="0.795"/>
  <testcase name="activarAlerta" classname="integrador.Laboratorio5_E3_Test" time="0.112"/>
  <testcase name="buscarPalabra" classname="integrador.Laboratorio6_E1_Test" time="2.151"/>
  <testcase name="buscarPalabra" classname="integrador.Laboratorio6_E2_Test" time="2.728"/>
  <testcase name="busquedaPagina" classname="pruebas.CrossBrowserTest" time="1.668"/>
  <testcase name="irRegistroLogin" classname="pruebas.Laboratorio4_E1_Test" time="0.019"/>
  <testcase name="crearCuentaInvalida" classname="pruebas.Laboratorio4_E1_Test" time="1.001"/>
  <testcase name="inicioSesionInvalido" classname="pruebas.Laboratorio4_E2_Test" time="0.881"/>
</testsuite>