<?xml version="1.0" encoding="UTF-8"?>
<testng-results ignored="0" total="15" passed="15" failed="0" skipped="0">
  <reporter-output>
  </reporter-output>
  <suite started-at="2023-11-08T17:33:25 ART" name="Surefire suite" finished-at="2023-11-08T17:42:49 ART" duration-ms="564033">
    <groups>
    </groups>
    <test started-at="2023-11-08T17:33:25 ART" name="Surefire test" finished-at="2023-11-08T17:42:49 ART" duration-ms="564033">
      <class name="integrador.Laboratorio5_E3_Test">
        <test-method is-config="true" signature="setUp()[pri:0, instance:integrador.Laboratorio5_E3_Test@58670130]" started-at="2023-11-08T17:29:15 ART" name="setUp" finished-at="2023-11-08T17:29:59 ART" duration-ms="43878" status="PASS">
          <reporter-output>
          </reporter-output>
        </test-method> <!-- setUp -->
        <test-method signature="activarAlerta()[pri:0, instance:integrador.Laboratorio5_E3_Test@58670130]" started-at="2023-11-08T17:42:13 ART" name="activarAlerta" finished-at="2023-11-08T17:42:13 ART" duration-ms="23" status="PASS">
          <reporter-output>
          </reporter-output>
        </test-method> <!-- activarAlerta -->
        <test-method is-config="true" signature="setDown()[pri:0, instance:integrador.Laboratorio5_E3_Test@58670130]" started-at="2023-11-08T17:42:56 ART" name="setDown" finished-at="2023-11-08T17:43:05 ART" duration-ms="8434" status="PASS">
          <reporter-output>
          </reporter-output>
        </test-method> <!-- setDown -->
      </class> <!-- integrador.Laboratorio5_E3_Test -->
      <class name="integrador.Laboratorio6_E2_Test">
        <test-method is-config="true" signature="setUp()[pri:0, instance:integrador.Laboratorio6_E2_Test@9bd0fa6]" started-at="2023-11-08T17:31:02 ART" name="setUp" finished-at="2023-11-08T17:32:57 ART" duration-ms="115348" status="PASS">
          <reporter-output>
          </reporter-output>
        </test-method> <!-- setUp -->
        <test-method signature="buscarPalabra()[pri:0, instance:integrador.Laboratorio6_E2_Test@9bd0fa6]" started-at="2023-11-08T17:42:16 ART" name="buscarPalabra" finished-at="2023-11-08T17:42:18 ART" duration-ms="2728" status="PASS">
          <reporter-output>
          </reporter-output>
        </test-method> <!-- buscarPalabra -->
        <test-method is-config="true" signature="setDown()[pri:0, instance:integrador.Laboratorio6_E2_Test@9bd0fa6]" started-at="2023-11-08T17:43:09 ART" name="setDown" finished-at="2023-11-08T17:43:09 ART" duration-ms="149" status="PASS">
          <reporter-output>
          </reporter-output>
        </test-method> <!-- setDown -->
      </class> <!-- integrador.Laboratorio6_E2_Test -->
      <class name="pruebas.Laboratorio4_E2_Test">
        <test-method is-config="true" signature="setUp()[pri:0, instance:pruebas.Laboratorio4_E2_Test@52350abb]" started-at="2023-11-08T17:33:12 ART" name="setUp" finished-at="2023-11-08T17:33:25 ART" duration-ms="13494" status="PASS">
          <reporter-output>
          </reporter-output>
        </test-method> <!-- setUp -->
        <test-method is-config="true" signature="irSignIn()[pri:0, instance:pruebas.Laboratorio4_E2_Test@52350abb]" started-at="2023-11-08T17:42:42 ART" name="irSignIn" finished-at="2023-11-08T17:42:45 ART" duration-ms="2265" status="PASS">
          <reporter-output>
          </reporter-output>
        </test-method> <!-- irSignIn -->
        <test-method signature="inicioSesionInvalido(java.lang.String,java.lang.String)[pri:0, instance:pruebas.Laboratorio4_E2_Test@52350abb]" started-at="2023-11-08T17:42:45 ART" name="inicioSesionInvalido" data-provider="Datos Login" finished-at="2023-11-08T17:42:46 ART" duration-ms="881" status="PASS">
          <params>
            <param index="0">
              <value>
                <![CDATA[tai.wisoky@hotmail.com]]>
              </value>
            </param>
            <param index="1">
              <value>
                <![CDATA[j2rbde3ldpha81]]>
              </value>
            </param>
          </params>
          <reporter-output>
          </reporter-output>
        </test-method> <!-- inicioSesionInvalido -->
        <test-method is-config="true" signature="cerrarNavegador()[pri:0, instance:pruebas.Laboratorio4_E2_Test@52350abb]" started-at="2023-11-08T17:43:26 ART" name="cerrarNavegador" finished-at="2023-11-08T17:43:28 ART" duration-ms="2171" status="PASS">
          <reporter-output>
          </reporter-output>
        </test-method> <!-- cerrarNavegador -->
      </class> <!-- pruebas.Laboratorio4_E2_Test -->
      <class name="integrador.Laboratorio1_Test">
        <test-method signature="lab1_E1()[pri:0, instance:integrador.Laboratorio1_Test@7995092a]" started-at="2023-11-08T17:33:54 ART" name="lab1_E1" finished-at="2023-11-08T17:36:51 ART" duration-ms="177032" status="PASS">
          <reporter-output>
          </reporter-output>
        </test-method> <!-- lab1_E1 -->
        <test-method signature="lab1_E2()[pri:0, instance:integrador.Laboratorio1_Test@7995092a]" started-at="2023-11-08T17:36:51 ART" name="lab1_E2" finished-at="2023-11-08T17:40:56 ART" duration-ms="244438" status="PASS">
          <reporter-output>
          </reporter-output>
        </test-method> <!-- lab1_E2 -->
        <test-method signature="lab1_E3()[pri:0, instance:integrador.Laboratorio1_Test@7995092a]" started-at="2023-11-08T17:40:56 ART" name="lab1_E3" finished-at="2023-11-08T17:41:28 ART" duration-ms="32437" status="PASS">
          <reporter-output>
          </reporter-output>
        </test-method> <!-- lab1_E3 -->
        <test-method signature="lab1_test()[pri:0, instance:integrador.Laboratorio1_Test@7995092a]" started-at="2023-11-08T17:41:29 ART" name="lab1_test" finished-at="2023-11-08T17:41:29 ART" duration-ms="0" status="PASS">
          <reporter-output>
          </reporter-output>
        </test-method> <!-- lab1_test -->
      </class> <!-- integrador.Laboratorio1_Test -->
      <class name="integrador.Laboratorio6_E1_Test">
        <test-method is-config="true" signature="setUp()[pri:0, instance:integrador.Laboratorio6_E1_Test@74e47444]" started-at="2023-11-08T17:29:59 ART" name="setUp" finished-at="2023-11-08T17:31:02 ART" duration-ms="62928" status="PASS">
          <reporter-output>
          </reporter-output>
        </test-method> <!-- setUp -->
        <test-method signature="buscarPalabra()[pri:0, instance:integrador.Laboratorio6_E1_Test@74e47444]" started-at="2023-11-08T17:42:13 ART" name="buscarPalabra" finished-at="2023-11-08T17:42:16 ART" duration-ms="2240" status="PASS">
          <reporter-output>
          </reporter-output>
        </test-method> <!-- buscarPalabra -->
        <test-method is-config="true" signature="setDown()[pri:0, instance:integrador.Laboratorio6_E1_Test@74e47444]" started-at="2023-11-08T17:43:05 ART" name="setDown" finished-at="2023-11-08T17:43:09 ART" duration-ms="4213" status="PASS">
          <reporter-output>
          </reporter-output>
        </test-method> <!-- setDown -->
      </class> <!-- integrador.Laboratorio6_E1_Test -->
      <class name="integrador.Laboratorio5_E2_Test">
        <test-method is-config="true" signature="setUp()[pri:0, instance:integrador.Laboratorio5_E2_Test@4bf3798b]" started-at="2023-11-08T17:28:47 ART" name="setUp" finished-at="2023-11-08T17:29:15 ART" duration-ms="28383" status="PASS">
          <reporter-output>
          </reporter-output>
        </test-method> <!-- setUp -->
        <test-method signature="activarAlerta()[pri:0, instance:integrador.Laboratorio5_E2_Test@4bf3798b]" started-at="2023-11-08T17:42:13 ART" name="activarAlerta" finished-at="2023-11-08T17:42:13 ART" duration-ms="794" status="PASS">
          <reporter-output>
          </reporter-output>
        </test-method> <!-- activarAlerta -->
        <test-method is-config="true" signature="setDown()[pri:0, instance:integrador.Laboratorio5_E2_Test@4bf3798b]" started-at="2023-11-08T17:42:55 ART" name="setDown" finished-at="2023-11-08T17:42:56 ART" duration-ms="1105" status="PASS">
          <reporter-output>
          </reporter-output>
        </test-method> <!-- setDown -->
      </class> <!-- integrador.Laboratorio5_E2_Test -->
      <class name="pruebas.CrossBrowserTest">
        <test-method is-config="true" signature="setUp(java.lang.String)[pri:0, instance:pruebas.CrossBrowserTest@59d2103b]" started-at="2023-11-08T17:42:18 ART" name="setUp" finished-at="2023-11-08T17:42:34 ART" duration-ms="16074" status="PASS">
          <params>
            <param index="0">
              <value>
                <![CDATA[chrome]]>
              </value>
            </param>
          </params>
          <reporter-output>
          </reporter-output>
        </test-method> <!-- setUp -->
        <test-method signature="busquedaPagina()[pri:0, instance:pruebas.CrossBrowserTest@59d2103b]" started-at="2023-11-08T17:42:34 ART" name="busquedaPagina" finished-at="2023-11-08T17:42:36 ART" duration-ms="1667" status="PASS">
          <reporter-output>
          </reporter-output>
        </test-method> <!-- busquedaPagina -->
        <test-method is-config="true" signature="setDown()[pri:0, instance:pruebas.CrossBrowserTest@59d2103b]" started-at="2023-11-08T17:42:36 ART" name="setDown" finished-at="2023-11-08T17:42:37 ART" duration-ms="506" status="PASS">
          <reporter-output>
          </reporter-output>
        </test-method> <!-- setDown -->
      </class> <!-- pruebas.CrossBrowserTest -->
      <class name="integrador.Laboratorio5_E1_Test">
        <test-method is-config="true" signature="setUp()[pri:0, instance:integrador.Laboratorio5_E1_Test@346939bf]" started-at="2023-11-08T17:28:08 ART" name="setUp" finished-at="2023-11-08T17:28:47 ART" duration-ms="38916" status="PASS">
          <reporter-output>
          </reporter-output>
        </test-method> <!-- setUp -->
        <test-method signature="adjuntarFile()[pri:0, instance:integrador.Laboratorio5_E1_Test@346939bf]" started-at="2023-11-08T17:42:10 ART" name="adjuntarFile" finished-at="2023-11-08T17:42:13 ART" duration-ms="2370" status="PASS">
          <reporter-output>
          </reporter-output>
        </test-method> <!-- adjuntarFile -->
        <test-method is-config="true" signature="setDown()[pri:0, instance:integrador.Laboratorio5_E1_Test@346939bf]" started-at="2023-11-08T17:42:52 ART" name="setDown" finished-at="2023-11-08T17:42:55 ART" duration-ms="3746" status="PASS">
          <reporter-output>
          </reporter-output>
        </test-method> <!-- setDown -->
      </class> <!-- integrador.Laboratorio5_E1_Test -->
      <class name="integrador.Laboratorio2_Test">
        <test-method signature="lab2_E1()[pri:0, instance:integrador.Laboratorio2_Test@2a32de6c]" started-at="2023-11-08T17:41:29 ART" name="lab2_E1" finished-at="2023-11-08T17:41:57 ART" duration-ms="28715" status="PASS">
          <reporter-output>
          </reporter-output>
        </test-method> <!-- lab2_E1 -->
      </class> <!-- integrador.Laboratorio2_Test -->
      <class name="pruebas.Laboratorio4_E1_Test">
        <test-method is-config="true" signature="setUp()[pri:0, instance:pruebas.Laboratorio4_E1_Test@114a85c2]" started-at="2023-11-08T17:32:57 ART" name="setUp" finished-at="2023-11-08T17:33:12 ART" duration-ms="14694" status="PASS">
          <reporter-output>
          </reporter-output>
        </test-method> <!-- setUp -->
        <test-method is-config="true" signature="irSignIn()[pri:0, instance:pruebas.Laboratorio4_E1_Test@114a85c2]" started-at="2023-11-08T17:42:37 ART" name="irSignIn" finished-at="2023-11-08T17:42:38 ART" duration-ms="1839" status="PASS">
          <reporter-output>
          </reporter-output>
        </test-method> <!-- irSignIn -->
        <test-method signature="irRegistroLogin()[pri:0, instance:pruebas.Laboratorio4_E1_Test@114a85c2]" started-at="2023-11-08T17:42:38 ART" name="irRegistroLogin" finished-at="2023-11-08T17:42:38 ART" duration-ms="18" status="PASS">
          <reporter-output>
          </reporter-output>
        </test-method> <!-- irRegistroLogin -->
        <test-method is-config="true" signature="volverPagina()[pri:0, instance:pruebas.Laboratorio4_E1_Test@114a85c2]" started-at="2023-11-08T17:42:38 ART" name="volverPagina" finished-at="2023-11-08T17:42:39 ART" duration-ms="1009" status="PASS">
          <reporter-output>
          </reporter-output>
        </test-method> <!-- volverPagina -->
        <test-method is-config="true" signature="irSignIn()[pri:0, instance:pruebas.Laboratorio4_E1_Test@114a85c2]" started-at="2023-11-08T17:42:39 ART" name="irSignIn" finished-at="2023-11-08T17:42:40 ART" duration-ms="886" status="PASS">
          <reporter-output>
          </reporter-output>
        </test-method> <!-- irSignIn -->
        <test-method signature="crearCuentaInvalida()[pri:1, instance:pruebas.Laboratorio4_E1_Test@114a85c2]" started-at="2023-11-08T17:42:40 ART" name="crearCuentaInvalida" finished-at="2023-11-08T17:42:41 ART" duration-ms="1001" status="PASS">
          <reporter-output>
          </reporter-output>
        </test-method> <!-- crearCuentaInvalida -->
        <test-method is-config="true" signature="volverPagina()[pri:0, instance:pruebas.Laboratorio4_E1_Test@114a85c2]" started-at="2023-11-08T17:42:41 ART" name="volverPagina" finished-at="2023-11-08T17:42:42 ART" duration-ms="871" status="PASS">
          <reporter-output>
          </reporter-output>
        </test-method> <!-- volverPagina -->
        <test-method is-config="true" signature="setDown()[pri:0, instance:pruebas.Laboratorio4_E1_Test@114a85c2]" started-at="2023-11-08T17:43:09 ART" name="setDown" finished-at="2023-11-08T17:43:26 ART" duration-ms="16732" status="PASS">
          <reporter-output>
          </reporter-output>
        </test-method> <!-- setDown -->
      </class> <!-- pruebas.Laboratorio4_E1_Test -->
      <class name="integrador.Laboratorio3_Test">
        <test-method is-config="true" signature="setUp()[pri:0, instance:integrador.Laboratorio3_Test@13c3c1e1]" started-at="2023-11-08T17:28:07 ART" name="setUp" finished-at="2023-11-08T17:28:08 ART" duration-ms="761" status="PASS">
          <reporter-output>
          </reporter-output>
        </test-method> <!-- setUp -->
        <test-method is-config="true" signature="irURL()[pri:0, instance:integrador.Laboratorio3_Test@13c3c1e1]" started-at="2023-11-08T17:33:25 ART" name="irURL" finished-at="2023-11-08T17:33:53 ART" duration-ms="27346" status="PASS">
          <reporter-output>
          </reporter-output>
        </test-method> <!-- irURL -->
        <test-method is-config="true" signature="maxVentana()[pri:0, instance:integrador.Laboratorio3_Test@13c3c1e1]" started-at="2023-11-08T17:41:57 ART" name="maxVentana" finished-at="2023-11-08T17:41:58 ART" duration-ms="679" status="PASS">
          <reporter-output>
          </reporter-output>
        </test-method> <!-- maxVentana -->
        <test-method is-config="true" signature="registroUsuario()[pri:0, instance:integrador.Laboratorio3_Test@13c3c1e1]" started-at="2023-11-08T17:41:58 ART" name="registroUsuario" finished-at="2023-11-08T17:42:04 ART" duration-ms="6382" status="PASS">
          <reporter-output>
          </reporter-output>
        </test-method> <!-- registroUsuario -->
        <test-method signature="registroUsuario()[pri:0, instance:integrador.Laboratorio3_Test@13c3c1e1]" started-at="2023-11-08T17:42:04 ART" name="registroUsuario" finished-at="2023-11-08T17:42:09 ART" duration-ms="4244" status="PASS">
          <reporter-output>
          </reporter-output>
        </test-method> <!-- registroUsuario -->
        <test-method is-config="true" signature="evidencia()[pri:0, instance:integrador.Laboratorio3_Test@13c3c1e1]" started-at="2023-11-08T17:42:09 ART" name="evidencia" finished-at="2023-11-08T17:42:10 ART" duration-ms="1591" status="PASS">
          <reporter-output>
          </reporter-output>
        </test-method> <!-- evidencia -->
        <test-method is-config="true" signature="finPrueba()[pri:0, instance:integrador.Laboratorio3_Test@13c3c1e1]" started-at="2023-11-08T17:42:10 ART" name="finPrueba" finished-at="2023-11-08T17:42:10 ART" duration-ms="0" status="PASS">
          <reporter-output>
          </reporter-output>
        </test-method> <!-- finPrueba -->
        <test-method is-config="true" signature="cierreNavegador()[pri:0, instance:integrador.Laboratorio3_Test@13c3c1e1]" started-at="2023-11-08T17:42:46 ART" name="cierreNavegador" finished-at="2023-11-08T17:42:49 ART" duration-ms="3779" status="PASS">
          <reporter-output>
          </reporter-output>
        </test-method> <!-- cierreNavegador -->
        <test-method is-config="true" signature="finSuite()[pri:0, instance:integrador.Laboratorio3_Test@13c3c1e1]" started-at="2023-11-08T17:42:52 ART" name="finSuite" finished-at="2023-11-08T17:42:52 ART" duration-ms="0" status="PASS">
          <reporter-output>
          </reporter-output>
        </test-method> <!-- finSuite -->
      </class> <!-- integrador.Laboratorio3_Test -->
    </test> <!-- Surefire test -->
  </suite> <!-- Surefire suite -->
</testng-results>
