<?xml version="1.0" encoding="UTF-8"?>
<testng-results ignored="0" total="1" passed="1" failed="0" skipped="0">
  <reporter-output>
  </reporter-output>
  <suite started-at="2023-11-08T18:15:19Z" name="Default suite" finished-at="2023-11-08T18:15:39Z" duration-ms="20755">
    <groups>
    </groups>
    <test started-at="2023-11-08T18:15:19Z" name="Default test" finished-at="2023-11-08T18:15:39Z" duration-ms="20755">
      <class name="integrador.Laboratorio2_Test">
        <test-method signature="lab2_E1()[pri:0, instance:integrador.Laboratorio2_Test@36060e]" started-at="2023-11-08T15:15:19Z" name="lab2_E1" finished-at="2023-11-08T15:15:39Z" duration-ms="20743" status="PASS">
          <reporter-output>
          </reporter-output>
        </test-method> <!-- lab2_E1 -->
      </class> <!-- integrador.Laboratorio2_Test -->
    </test> <!-- Default test -->
  </suite> <!-- Default suite -->
</testng-results>
